d:\meine dokumente\studium\medienprojekt\audea\builds\visualstudio2013\release\audea.lib
d:\meine dokumente\studium\medienprojekt\audea\builds\visualstudio2013\release\audea.exp
d:\meine dokumente\studium\medienprojekt\audea\builds\visualstudio2013\release\juce_audio_basics.obj
d:\meine dokumente\studium\medienprojekt\audea\builds\visualstudio2013\release\juce_vst_wrapper.obj
d:\meine dokumente\studium\medienprojekt\audea\builds\visualstudio2013\release\juce_pluginutilities.obj
d:\meine dokumente\studium\medienprojekt\audea\builds\visualstudio2013\release\juce_core.obj
d:\meine dokumente\studium\medienprojekt\audea\builds\visualstudio2013\release\juce_opengl.obj
d:\meine dokumente\studium\medienprojekt\audea\builds\visualstudio2013\release\audeavoice.obj
d:\meine dokumente\studium\medienprojekt\audea\builds\visualstudio2013\release\envelope.obj
d:\meine dokumente\studium\medienprojekt\audea\builds\visualstudio2013\release\filter.obj
d:\meine dokumente\studium\medienprojekt\audea\builds\visualstudio2013\release\plugineditor.obj
d:\meine dokumente\studium\medienprojekt\audea\builds\visualstudio2013\release\juce_audio_devices.obj
d:\meine dokumente\studium\medienprojekt\audea\builds\visualstudio2013\release\juce_audio_processors.obj
d:\meine dokumente\studium\medienprojekt\audea\builds\visualstudio2013\release\juce_graphics.obj
d:\meine dokumente\studium\medienprojekt\audea\builds\visualstudio2013\release\allpassfilter.obj
d:\meine dokumente\studium\medienprojekt\audea\builds\visualstudio2013\release\delay.obj
d:\meine dokumente\studium\medienprojekt\audea\builds\visualstudio2013\release\pluginprocessor.obj
d:\meine dokumente\studium\medienprojekt\audea\builds\visualstudio2013\release\juce_aax_wrapper.obj
d:\meine dokumente\studium\medienprojekt\audea\builds\visualstudio2013\release\juce_vst3_wrapper.obj
d:\meine dokumente\studium\medienprojekt\audea\builds\visualstudio2013\release\juce_audio_utils.obj
d:\meine dokumente\studium\medienprojekt\audea\builds\visualstudio2013\release\juce_cryptography.obj
d:\meine dokumente\studium\medienprojekt\audea\builds\visualstudio2013\release\juce_events.obj
d:\meine dokumente\studium\medienprojekt\audea\builds\visualstudio2013\release\juce_gui_extra.obj
d:\meine dokumente\studium\medienprojekt\audea\builds\visualstudio2013\release\juce_video.obj
d:\meine dokumente\studium\medienprojekt\audea\builds\visualstudio2013\release\bandrejectfilter.obj
d:\meine dokumente\studium\medienprojekt\audea\builds\visualstudio2013\release\filterenvelope.obj
d:\meine dokumente\studium\medienprojekt\audea\builds\visualstudio2013\release\lowpassfilter.obj
d:\meine dokumente\studium\medienprojekt\audea\builds\visualstudio2013\release\juce_audio_formats.obj
d:\meine dokumente\studium\medienprojekt\audea\builds\visualstudio2013\release\juce_data_structures.obj
d:\meine dokumente\studium\medienprojekt\audea\builds\visualstudio2013\release\juce_gui_basics.obj
d:\meine dokumente\studium\medienprojekt\audea\builds\visualstudio2013\release\bandpassfilter.obj
d:\meine dokumente\studium\medienprojekt\audea\builds\visualstudio2013\release\highpassfilter.obj
d:\meine dokumente\studium\medienprojekt\audea\builds\visualstudio2013\release\vc120.pdb
d:\meine dokumente\studium\medienprojekt\audea\builds\visualstudio2013\release\juce_rtas_digicode1.obj
d:\meine dokumente\studium\medienprojekt\audea\builds\visualstudio2013\release\juce_rtas_wrapper.obj
d:\meine dokumente\studium\medienprojekt\audea\builds\visualstudio2013\release\juce_rtas_digicode3.obj
d:\meine dokumente\studium\medienprojekt\audea\builds\visualstudio2013\release\juce_rtas_digicode2.obj
d:\meine dokumente\studium\medienprojekt\audea\builds\visualstudio2013\release\juce_rtas_winutilities.obj
d:\meine dokumente\studium\medienprojekt\audea\builds\visualstudio2013\release\audea.dll
d:\meine dokumente\studium\medienprojekt\audea\builds\visualstudio2013\release\resources.res
d:\meine dokumente\studium\medienprojekt\audea\builds\visualstudio2013\.\release\audea.dll
d:\meine dokumente\studium\medienprojekt\audea\builds\visualstudio2013\release\audea.tlog\audea.write.1u.tlog
d:\meine dokumente\studium\medienprojekt\audea\builds\visualstudio2013\release\audea.tlog\cl.command.1.tlog
d:\meine dokumente\studium\medienprojekt\audea\builds\visualstudio2013\release\audea.tlog\cl.read.1.tlog
d:\meine dokumente\studium\medienprojekt\audea\builds\visualstudio2013\release\audea.tlog\cl.write.1.tlog
d:\meine dokumente\studium\medienprojekt\audea\builds\visualstudio2013\release\audea.tlog\link.command.1.tlog
d:\meine dokumente\studium\medienprojekt\audea\builds\visualstudio2013\release\audea.tlog\link.read.1.tlog
d:\meine dokumente\studium\medienprojekt\audea\builds\visualstudio2013\release\audea.tlog\link.write.1.tlog
d:\meine dokumente\studium\medienprojekt\audea\builds\visualstudio2013\release\audea.tlog\rc.command.1.tlog
d:\meine dokumente\studium\medienprojekt\audea\builds\visualstudio2013\release\audea.tlog\rc.read.1.tlog
d:\meine dokumente\studium\medienprojekt\audea\builds\visualstudio2013\release\audea.tlog\rc.write.1.tlog
