Build started 10.12.2014 12:15:13.
     1>Project "D:\Meine Dokumente\Studium\Medienprojekt\Audea\Builds\VisualStudio2013\Audea.vcxproj" on node 2 (Build target(s)).
     1>ClCompile:
         C:\Program Files (x86)\Microsoft Visual Studio 12.0\VC\bin\CL.exe /c /I..\..\JuceLibraryCode /I..\..\JuceLibraryCode\modules /Ic:\SDKs\vstsdk2.4 /I"c:\SDKs\VST3 SDK" /ZI /nologo /W4 /WX- /MP /Od /Oy- /D WIN32 /D _WINDOWS /D DEBUG /D _DEBUG /D JUCER_VS2013_78A5020=1 /D JUCE_APP_VERSION=1.0.0 /D JUCE_APP_VERSION_HEX=0x10000 /D _WINDLL /Gm- /EHsc /MDd /GS /fp:precise /Zc:wchar_t /Zc:forScope /GR /Fo"Debug\\" /Fd"Debug\\vc120.pdb" /Gd /TP /analyze- /errorReport:prompt ..\..\JuceLibraryCode\modules\juce_audio_basics\juce_audio_basics.cpp ..\..\JuceLibraryCode\modules\juce_audio_devices\juce_audio_devices.cpp ..\..\JuceLibraryCode\modules\juce_audio_formats\juce_audio_formats.cpp ..\..\JuceLibraryCode\modules\juce_audio_plugin_client\AAX\juce_AAX_Wrapper.cpp ..\..\JuceLibraryCode\modules\juce_audio_plugin_client\VST3\juce_VST3_Wrapper.cpp ..\..\JuceLibraryCode\modules\juce_audio_plugin_client\VST\juce_VST_Wrapper.cpp ..\..\JuceLibraryCode\modules\juce_audio_plugin_client\utility\juce_PluginUtilities.cpp ..\..\JuceLibraryCode\modules\juce_audio_processors\juce_audio_processors.cpp ..\..\JuceLibraryCode\modules\juce_audio_utils\juce_audio_utils.cpp ..\..\JuceLibraryCode\modules\juce_core\juce_core.cpp ..\..\JuceLibraryCode\modules\juce_cryptography\juce_cryptography.cpp ..\..\JuceLibraryCode\modules\juce_data_structures\juce_data_structures.cpp ..\..\JuceLibraryCode\modules\juce_events\juce_events.cpp ..\..\JuceLibraryCode\modules\juce_graphics\juce_graphics.cpp ..\..\JuceLibraryCode\modules\juce_gui_basics\juce_gui_basics.cpp ..\..\JuceLibraryCode\modules\juce_gui_extra\juce_gui_extra.cpp ..\..\JuceLibraryCode\modules\juce_opengl\juce_opengl.cpp ..\..\JuceLibraryCode\modules\juce_video\juce_video.cpp ..\..\Source\AllPassFilter.cpp ..\..\Source\AudeaVoice.cpp ..\..\Source\BandPassFilter.cpp ..\..\Source\BandRejectFilter.cpp ..\..\Source\Delay.cpp ..\..\Source\Envelope.cpp ..\..\Source\Filter.cpp ..\..\Source\HighPassFilter.cpp ..\..\Source\LowPassFilter.cpp ..\..\Source\PluginEditor.cpp ..\..\Source\PluginProcessor.cpp
         juce_audio_basics.cpp
         juce_audio_devices.cpp
         juce_audio_formats.cpp
         juce_AAX_Wrapper.cpp
         juce_VST3_Wrapper.cpp
         juce_VST_Wrapper.cpp
         juce_PluginUtilities.cpp
         juce_audio_processors.cpp
         juce_audio_utils.cpp
         juce_core.cpp
         juce_cryptography.cpp
         juce_data_structures.cpp
         juce_events.cpp
         juce_graphics.cpp
         juce_gui_basics.cpp
         juce_gui_extra.cpp
         juce_opengl.cpp
         juce_video.cpp
         AllPassFilter.cpp
         AudeaVoice.cpp
         BandPassFilter.cpp
     1>d:\meine dokumente\studium\medienprojekt\audea\source\audeavoice.cpp(107): warning C4244: '*=' : conversion from 'double' to 'float', possible loss of data
     1>d:\meine dokumente\studium\medienprojekt\audea\source\audeavoice.cpp(144): warning C4244: '*=' : conversion from 'double' to 'float', possible loss of data
     1>d:\meine dokumente\studium\medienprojekt\audea\source\audeavoice.cpp(183): warning C4244: 'initializing' : conversion from 'double' to 'float', possible loss of data
     1>d:\meine dokumente\studium\medienprojekt\audea\source\audeavoice.cpp(190): warning C4244: 'initializing' : conversion from 'double' to 'float', possible loss of data
     1>d:\meine dokumente\studium\medienprojekt\audea\source\audeavoice.cpp(216): warning C4244: 'initializing' : conversion from 'float' to 'int', possible loss of data
     1>d:\meine dokumente\studium\medienprojekt\audea\source\audeavoice.cpp(219): warning C4244: 'initializing' : conversion from 'float' to 'int', possible loss of data
         BandRejectFilter.cpp
         Delay.cpp
         Envelope.cpp
     1>d:\meine dokumente\studium\medienprojekt\audea\source\envelope.cpp(55): warning C4244: 'return' : conversion from 'double' to 'float', possible loss of data
     1>d:\meine dokumente\studium\medienprojekt\audea\source\envelope.cpp(55): warning C4701: potentially uninitialized local variable 'ret' used
         Filter.cpp
         HighPassFilter.cpp
     1>d:\meine dokumente\studium\medienprojekt\audea\source\delay.h(44): warning C4244: 'return' : conversion from 'int' to 'float', possible loss of data (..\..\Source\Delay.cpp)
         LowPassFilter.cpp
     1>d:\meine dokumente\studium\medienprojekt\audea\source\filter.cpp(57): warning C4244: 'initializing' : conversion from 'double' to 'float', possible loss of data
     1>d:\meine dokumente\studium\medienprojekt\audea\source\filter.cpp(76): warning C4244: 'initializing' : conversion from 'double' to 'float', possible loss of data
         PluginEditor.cpp
         PluginProcessor.cpp
     1>d:\meine dokumente\studium\medienprojekt\audea\source\delay.h(44): warning C4244: 'return' : conversion from 'int' to 'float', possible loss of data (..\..\Source\PluginEditor.cpp)
     1>d:\meine dokumente\studium\medienprojekt\audea\source\plugineditor.cpp(1015): warning C4244: 'initializing' : conversion from 'int' to 'float', possible loss of data
     1>d:\meine dokumente\studium\medienprojekt\audea\source\plugineditor.cpp(1220): warning C4244: 'argument' : conversion from 'double' to 'float', possible loss of data
     1>d:\meine dokumente\studium\medienprojekt\audea\source\plugineditor.cpp(1226): warning C4244: 'argument' : conversion from 'double' to 'float', possible loss of data
     1>d:\meine dokumente\studium\medienprojekt\audea\source\plugineditor.cpp(1248): warning C4996: 'juce::Button::setToggleState': was declared deprecated
                 d:\meine dokumente\studium\medienprojekt\audea\jucelibrarycode\modules\juce_gui_basics\buttons\juce_button.h(350) : see declaration of 'juce::Button::setToggleState'
     1>d:\meine dokumente\studium\medienprojekt\audea\source\plugineditor.cpp(1249): warning C4996: 'juce::Button::setToggleState': was declared deprecated
                 d:\meine dokumente\studium\medienprojekt\audea\jucelibrarycode\modules\juce_gui_basics\buttons\juce_button.h(350) : see declaration of 'juce::Button::setToggleState'
     1>d:\meine dokumente\studium\medienprojekt\audea\source\plugineditor.cpp(1251): warning C4244: 'argument' : conversion from 'float' to 'int', possible loss of data
     1>d:\meine dokumente\studium\medienprojekt\audea\source\plugineditor.cpp(1251): warning C4996: 'juce::ComboBox::setSelectedId': was declared deprecated
                 d:\meine dokumente\studium\medienprojekt\audea\jucelibrarycode\modules\juce_gui_basics\widgets\juce_combobox.h(404) : see declaration of 'juce::ComboBox::setSelectedId'
     1>d:\meine dokumente\studium\medienprojekt\audea\source\plugineditor.cpp(1252): warning C4244: 'argument' : conversion from 'float' to 'int', possible loss of data
     1>d:\meine dokumente\studium\medienprojekt\audea\source\plugineditor.cpp(1252): warning C4996: 'juce::ComboBox::setSelectedId': was declared deprecated
                 d:\meine dokumente\studium\medienprojekt\audea\jucelibrarycode\modules\juce_gui_basics\widgets\juce_combobox.h(404) : see declaration of 'juce::ComboBox::setSelectedId'
     1>d:\meine dokumente\studium\medienprojekt\audea\source\plugineditor.cpp(1253): warning C4244: 'argument' : conversion from 'float' to 'int', possible loss of data
     1>d:\meine dokumente\studium\medienprojekt\audea\source\plugineditor.cpp(1253): warning C4996: 'juce::ComboBox::setSelectedId': was declared deprecated
                 d:\meine dokumente\studium\medienprojekt\audea\jucelibrarycode\modules\juce_gui_basics\widgets\juce_combobox.h(404) : see declaration of 'juce::ComboBox::setSelectedId'
     1>d:\meine dokumente\studium\medienprojekt\audea\source\plugineditor.cpp(1263): warning C4244: 'argument' : conversion from 'float' to 'int', possible loss of data
     1>d:\meine dokumente\studium\medienprojekt\audea\source\plugineditor.cpp(1263): warning C4996: 'juce::ComboBox::setSelectedId': was declared deprecated
                 d:\meine dokumente\studium\medienprojekt\audea\jucelibrarycode\modules\juce_gui_basics\widgets\juce_combobox.h(404) : see declaration of 'juce::ComboBox::setSelectedId'
     1>d:\meine dokumente\studium\medienprojekt\audea\source\plugineditor.cpp(1273): warning C4244: 'argument' : conversion from 'float' to 'int', possible loss of data
     1>d:\meine dokumente\studium\medienprojekt\audea\source\plugineditor.cpp(1273): warning C4996: 'juce::ComboBox::setSelectedId': was declared deprecated
                 d:\meine dokumente\studium\medienprojekt\audea\jucelibrarycode\modules\juce_gui_basics\widgets\juce_combobox.h(404) : see declaration of 'juce::ComboBox::setSelectedId'
     1>d:\meine dokumente\studium\medienprojekt\audea\source\plugineditor.cpp(1274): warning C4244: 'argument' : conversion from 'float' to 'int', possible loss of data
     1>d:\meine dokumente\studium\medienprojekt\audea\source\plugineditor.cpp(1274): warning C4996: 'juce::ComboBox::setSelectedId': was declared deprecated
                 d:\meine dokumente\studium\medienprojekt\audea\jucelibrarycode\modules\juce_gui_basics\widgets\juce_combobox.h(404) : see declaration of 'juce::ComboBox::setSelectedId'
     1>d:\meine dokumente\studium\medienprojekt\audea\source\delay.h(44): warning C4244: 'return' : conversion from 'int' to 'float', possible loss of data (..\..\Source\PluginProcessor.cpp)
     1>d:\meine dokumente\studium\medienprojekt\audea\source\pluginprocessor.cpp(149): warning C4244: 'argument' : conversion from 'float' to 'int', possible loss of data
     1>d:\meine dokumente\studium\medienprojekt\audea\source\pluginprocessor.cpp(548): warning C4244: '=' : conversion from 'double' to 'float', possible loss of data
     1>d:\meine dokumente\studium\medienprojekt\audea\source\pluginprocessor.cpp(555): warning C4244: 'initializing' : conversion from 'double' to 'float', possible loss of data
     1>d:\meine dokumente\studium\medienprojekt\audea\source\pluginprocessor.cpp(560): warning C4244: 'argument' : conversion from 'float' to 'int', possible loss of data
     1>d:\meine dokumente\studium\medienprojekt\audea\source\pluginprocessor.cpp(562): warning C4244: 'argument' : conversion from 'float' to 'int', possible loss of data
     1>d:\meine dokumente\studium\medienprojekt\audea\source\pluginprocessor.cpp(566): warning C4244: 'argument' : conversion from 'float' to 'int', possible loss of data
     1>d:\meine dokumente\studium\medienprojekt\audea\source\pluginprocessor.cpp(568): warning C4244: 'argument' : conversion from 'float' to 'int', possible loss of data
     1>d:\meine dokumente\studium\medienprojekt\audea\source\pluginprocessor.cpp(572): warning C4244: 'argument' : conversion from 'float' to 'int', possible loss of data
     1>d:\meine dokumente\studium\medienprojekt\audea\source\pluginprocessor.cpp(574): warning C4244: 'argument' : conversion from 'float' to 'int', possible loss of data
     1>d:\meine dokumente\studium\medienprojekt\audea\source\pluginprocessor.cpp(578): warning C4244: 'argument' : conversion from 'float' to 'int', possible loss of data
     1>d:\meine dokumente\studium\medienprojekt\audea\source\pluginprocessor.cpp(580): warning C4244: 'argument' : conversion from 'float' to 'int', possible loss of data
     1>d:\meine dokumente\studium\medienprojekt\audea\source\pluginprocessor.cpp(584): warning C4244: 'argument' : conversion from 'float' to 'int', possible loss of data
     1>d:\meine dokumente\studium\medienprojekt\audea\source\pluginprocessor.cpp(586): warning C4244: 'argument' : conversion from 'float' to 'int', possible loss of data
     1>d:\meine dokumente\studium\medienprojekt\audea\source\pluginprocessor.cpp(590): warning C4244: 'argument' : conversion from 'float' to 'int', possible loss of data
     1>d:\meine dokumente\studium\medienprojekt\audea\source\pluginprocessor.cpp(592): warning C4244: 'argument' : conversion from 'float' to 'int', possible loss of data
     1>d:\meine dokumente\studium\medienprojekt\audea\source\pluginprocessor.cpp(607): warning C4244: '=' : conversion from 'double' to 'float', possible loss of data
     1>d:\meine dokumente\studium\medienprojekt\audea\source\pluginprocessor.cpp(614): warning C4244: 'initializing' : conversion from 'double' to 'float', possible loss of data
     1>d:\meine dokumente\studium\medienprojekt\audea\source\pluginprocessor.cpp(616): warning C4244: 'argument' : conversion from 'float' to 'int', possible loss of data
         C:\Program Files (x86)\Microsoft Visual Studio 12.0\VC\bin\CL.exe /c /I..\..\JuceLibraryCode /I..\..\JuceLibraryCode\modules /Ic:\SDKs\vstsdk2.4 /I"c:\SDKs\VST3 SDK" /ZI /nologo /W4 /WX- /MP /Od /Oy- /D WIN32 /D _WINDOWS /D DEBUG /D _DEBUG /D JUCER_VS2013_78A5020=1 /D JUCE_APP_VERSION=1.0.0 /D JUCE_APP_VERSION_HEX=0x10000 /D _WINDLL /Gm- /EHsc /MDd /GS /fp:precise /Zc:wchar_t /Zc:forScope /GR /Fo"Debug\\" /Fd"Debug\\vc120.pdb" /Gz /TP /analyze- /errorReport:prompt ..\..\JuceLibraryCode\modules\juce_audio_plugin_client\RTAS\juce_RTAS_DigiCode1.cpp ..\..\JuceLibraryCode\modules\juce_audio_plugin_client\RTAS\juce_RTAS_DigiCode2.cpp ..\..\JuceLibraryCode\modules\juce_audio_plugin_client\RTAS\juce_RTAS_DigiCode3.cpp ..\..\JuceLibraryCode\modules\juce_audio_plugin_client\RTAS\juce_RTAS_WinUtilities.cpp ..\..\JuceLibraryCode\modules\juce_audio_plugin_client\RTAS\juce_RTAS_Wrapper.cpp
         juce_RTAS_DigiCode1.cpp
         juce_RTAS_DigiCode2.cpp
         juce_RTAS_DigiCode3.cpp
         juce_RTAS_WinUtilities.cpp
         juce_RTAS_Wrapper.cpp
       Link:
         C:\Program Files (x86)\Microsoft Visual Studio 12.0\VC\bin\link.exe /ERRORREPORT:PROMPT /OUT:".\Debug\\Audea.dll" /NOLOGO kernel32.lib user32.lib gdi32.lib winspool.lib comdlg32.lib advapi32.lib shell32.lib ole32.lib oleaut32.lib uuid.lib odbc32.lib odbccp32.lib /NODEFAULTLIB:libcmt.lib /NODEFAULTLIB:msvcrt.lib /MANIFEST /MANIFESTUAC:"level='asInvoker' uiAccess='false'" /manifest:embed /DEBUG /PDB:"Debug\\Audea.pdb" /SUBSYSTEM:WINDOWS /LARGEADDRESSAWARE /TLBID:1 /DYNAMICBASE /NXCOMPAT /IMPLIB:".\Debug\Audea.lib" /MACHINE:X86 /SAFESEH:NO /FORCE:multiple /DLL Debug\resources.res
         Debug\\AllPassFilter.obj
         Debug\\BandRejectFilter.obj
         Debug\\HighPassFilter.obj
         Debug\\BandPassFilter.obj
         Debug\\LowPassFilter.obj
         Debug\\Filter.obj
         Debug\\Delay.obj
         Debug\\FilterEnvelope.obj
         Debug\\Envelope.obj
         Debug\\AudeaVoice.obj
         Debug\\PluginProcessor.obj
         Debug\\PluginEditor.obj
         Debug\\juce_AAX_Wrapper.obj
         Debug\\juce_audio_basics.obj
         Debug\\juce_audio_devices.obj
         Debug\\juce_audio_formats.obj
         Debug\\juce_audio_processors.obj
         Debug\\juce_audio_utils.obj
         Debug\\juce_core.obj
         Debug\\juce_cryptography.obj
         Debug\\juce_data_structures.obj
         Debug\\juce_events.obj
         Debug\\juce_graphics.obj
         Debug\\juce_gui_basics.obj
         Debug\\juce_gui_extra.obj
         Debug\\juce_opengl.obj
         Debug\\juce_PluginUtilities.obj
         Debug\\juce_RTAS_DigiCode1.obj
         Debug\\juce_RTAS_DigiCode2.obj
         Debug\\juce_RTAS_DigiCode3.obj
         Debug\\juce_RTAS_WinUtilities.obj
         Debug\\juce_RTAS_Wrapper.obj
         Debug\\juce_video.obj
         Debug\\juce_VST_Wrapper.obj
         Debug\\juce_VST3_Wrapper.obj
     1>AllPassFilter.obj : warning LNK4075: ignoring '/EDITANDCONTINUE' due to '/OPT:LBR' specification
     1>PluginProcessor.obj : warning LNK4006: "protected: static float AudeaVoice::defaultTuning" (?defaultTuning@AudeaVoice@@1MA) already defined in AudeaVoice.obj; second definition ignored
     1>PluginProcessor.obj : warning LNK4006: "protected: static float AudeaVoice::defaultAmp" (?defaultAmp@AudeaVoice@@1MA) already defined in AudeaVoice.obj; second definition ignored
            Creating library .\Debug\Audea.lib and object .\Debug\Audea.exp
     1>.\Debug\\Audea.dll : warning LNK4088: image being generated due to /FORCE option; image may not run
         Audea.vcxproj -> D:\Meine Dokumente\Studium\Medienprojekt\Audea\Builds\VisualStudio2013\.\Debug\Audea.dll
       PostBuildEvent:
         copy /Y ".\Debug\\Audea.dll" ".\Debug\\Audea.vst3"
         :VCEnd
                 1 Datei(en) kopiert.
     1>Done Building Project "D:\Meine Dokumente\Studium\Medienprojekt\Audea\Builds\VisualStudio2013\Audea.vcxproj" (Build target(s)).

Build succeeded.

Time Elapsed 00:00:54.58
